<?xml version="1.0" encoding="UTF-8"?>
<testsuite xmlns:xsi="http://www.w3.org/2001/XMLSchema-instance" xsi:noNamespaceSchemaLocation="https://maven.apache.org/surefire/maven-surefire-plugin/xsd/surefire-test-report.xsd" name="chord.model.NodeTest" time="0.016" tests="7" errors="0" skipped="0" failures="0">
  <properties>
[...]
</properties>
  <testcase name="check_predecessor" classname="chord.model.NodeTest" time="0"/>
  <testcase name="isInitialized" classname="chord.model.NodeTest" time="0"/>
  <testcase name="find_successor" classname="chord.model.NodeTest" time="0"/>
  <testcase name="fix_finger" classname="chord.model.NodeTest" time="0"/>
  <testcase name="initialize" classname="chord.model.NodeTest" time="0"/>
  <testcase name="initialize1" classname="chord.model.NodeTest" time="0"/>
  <testcase name="stabilize" classname="chord.model.NodeTest" time="0"/>
</testsuite>